[debug] [2022-06-13T20:53:16.101Z] ----------------------------------------------------------------------
[debug] [2022-06-13T20:53:16.104Z] Command:       /usr/local/bin/node /usr/local/bin/firebase init
[debug] [2022-06-13T20:53:16.104Z] CLI Version:   11.0.1
[debug] [2022-06-13T20:53:16.105Z] Platform:      darwin
[debug] [2022-06-13T20:53:16.105Z] Node Version:  v16.15.0
[debug] [2022-06-13T20:53:16.107Z] Time:          Mon Jun 13 2022 13:53:16 GMT-0700 (Pacific Daylight Time)
[debug] [2022-06-13T20:53:16.108Z] ----------------------------------------------------------------------
[debug] 
[debug] [2022-06-13T20:53:16.112Z] >>> [apiv2][query] GET https://firebase-public.firebaseio.com/cli.json [none]
[debug] [2022-06-13T20:53:16.210Z] > command requires scopes: ["email","openid","https://www.googleapis.com/auth/cloudplatformprojects.readonly","https://www.googleapis.com/auth/firebase","https://www.googleapis.com/auth/cloud-platform"]
[debug] [2022-06-13T20:53:16.210Z] > authorizing via signed-in user (kiqueortiz827@gmail.com)
[info] 
     ######## #### ########  ######## ########     ###     ######  ########
     ##        ##  ##     ## ##       ##     ##  ##   ##  ##       ##
     ######    ##  ########  ######   ########  #########  ######  ######
     ##        ##  ##    ##  ##       ##     ## ##     ##       ## ##
     ##       #### ##     ## ######## ########  ##     ##  ######  ########

You're about to initialize a Firebase project in this directory:

  /Users/enriqueortiz/Projects/sanchez-services

Before we get started, keep in mind:

  * You are initializing within an existing Firebase project directory

[debug] [2022-06-13T20:53:16.452Z] <<< [apiv2][status] GET https://firebase-public.firebaseio.com/cli.json 200
[debug] [2022-06-13T20:53:16.452Z] <<< [apiv2][body] GET https://firebase-public.firebaseio.com/cli.json {"cloudBuildErrorAfter":1594252800000,"cloudBuildWarnAfter":1590019200000,"defaultNode10After":1594252800000,"minVersion":"3.0.5","node8DeploysDisabledAfter":1613390400000,"node8RuntimeDisabledAfter":1615809600000,"node8WarnAfter":1600128000000}
